F:\大状态下协作博弈\多AGENT协作研究\GUANDANCLIENT\DEBUG\GUANDANCLIENT.EXE
F:\大状态下协作博弈\多AGENT协作研究\GUANDANCLIENT\DEBUG\GUANDANCLIENT.ILK
F:\大状态下协作博弈\多AGENT协作研究\GUANDANCLIENT\DEBUG\GUANDANCLIENT.PDB
F:\大状态下协作博弈\多AGENT协作研究\GUANDANCLIENT\GUANDANCLIENT\DEBUG\CARD.OBJ
F:\大状态下协作博弈\多Agent协作研究\guandanClient\guandanClient\Debug\cl.command.1.tlog
F:\大状态下协作博弈\多Agent协作研究\guandanClient\guandanClient\Debug\CL.read.1.tlog
F:\大状态下协作博弈\多Agent协作研究\guandanClient\guandanClient\Debug\CL.write.1.tlog
F:\大状态下协作博弈\多AGENT协作研究\GUANDANCLIENT\GUANDANCLIENT\DEBUG\CLIENTSOCKET.OBJ
F:\大状态下协作博弈\多AGENT协作研究\GUANDANCLIENT\GUANDANCLIENT\DEBUG\DECK.OBJ
F:\大状态下协作博弈\多AGENT协作研究\GUANDANCLIENT\GUANDANCLIENT\DEBUG\GUANDANCLIENT.EXE.EMBED.MANIFEST
F:\大状态下协作博弈\多AGENT协作研究\GUANDANCLIENT\GUANDANCLIENT\DEBUG\GUANDANCLIENT.EXE.EMBED.MANIFEST.RES
F:\大状态下协作博弈\多AGENT协作研究\GUANDANCLIENT\GUANDANCLIENT\DEBUG\GUANDANCLIENT.EXE.INTERMEDIATE.MANIFEST
F:\大状态下协作博弈\多AGENT协作研究\GUANDANCLIENT\GUANDANCLIENT\DEBUG\GUANDANCLIENT.OBJ
F:\大状态下协作博弈\多AGENT协作研究\GUANDANCLIENT\GUANDANCLIENT\DEBUG\GUANDANCLIENT.PCH
F:\大状态下协作博弈\多AGENT协作研究\GUANDANCLIENT\GUANDANCLIENT\DEBUG\GUANDANCLIENT.RES
F:\大状态下协作博弈\多Agent协作研究\guandanClient\guandanClient\Debug\guandanClient.vcxprojResolveAssemblyReference.cache
F:\大状态下协作博弈\多Agent协作研究\guandanClient\guandanClient\Debug\guandanClient.write.1.tlog
F:\大状态下协作博弈\多Agent协作研究\guandanClient\guandanClient\Debug\guandanClient_manifest.rc
F:\大状态下协作博弈\多AGENT协作研究\GUANDANCLIENT\GUANDANCLIENT\DEBUG\GUANDANCLIENTDLG.OBJ
F:\大状态下协作博弈\多Agent协作研究\guandanClient\guandanClient\Debug\link.command.1.tlog
F:\大状态下协作博弈\多Agent协作研究\guandanClient\guandanClient\Debug\link.read.1.tlog
F:\大状态下协作博弈\多Agent协作研究\guandanClient\guandanClient\Debug\link.write.1.tlog
F:\大状态下协作博弈\多Agent协作研究\guandanClient\guandanClient\Debug\link-cvtres.read.1.tlog
F:\大状态下协作博弈\多Agent协作研究\guandanClient\guandanClient\Debug\link-cvtres.write.1.tlog
F:\大状态下协作博弈\多AGENT协作研究\GUANDANCLIENT\GUANDANCLIENT\DEBUG\LOGOINDLG.OBJ
F:\大状态下协作博弈\多Agent协作研究\guandanClient\guandanClient\Debug\mt.command.1.tlog
F:\大状态下协作博弈\多Agent协作研究\guandanClient\guandanClient\Debug\mt.read.1.tlog
F:\大状态下协作博弈\多Agent协作研究\guandanClient\guandanClient\Debug\mt.write.1.tlog
F:\大状态下协作博弈\多Agent协作研究\guandanClient\guandanClient\Debug\rc.command.1.tlog
F:\大状态下协作博弈\多Agent协作研究\guandanClient\guandanClient\Debug\rc.read.1.tlog
F:\大状态下协作博弈\多Agent协作研究\guandanClient\guandanClient\Debug\rc.write.1.tlog
F:\大状态下协作博弈\多AGENT协作研究\GUANDANCLIENT\GUANDANCLIENT\DEBUG\STDAFX.OBJ
F:\大状态下协作博弈\多Agent协作研究\guandanClient\guandanClient\Debug\vc100.idb
F:\大状态下协作博弈\多AGENT协作研究\GUANDANCLIENT\GUANDANCLIENT\DEBUG\VC100.PDB
