F:\大状态下协作博弈\多AGENT协作研究\GUANDANSERVER\DEBUG\GUANDANSERVER.EXE
F:\大状态下协作博弈\多AGENT协作研究\GUANDANSERVER\DEBUG\GUANDANSERVER.ILK
F:\大状态下协作博弈\多AGENT协作研究\GUANDANSERVER\DEBUG\GUANDANSERVER.PDB
F:\大状态下协作博弈\多AGENT协作研究\GUANDANSERVER\GUANDANSERVER\DEBUG\CARD.OBJ
F:\大状态下协作博弈\多Agent协作研究\guandanServer\guandanServer\Debug\cl.command.1.tlog
F:\大状态下协作博弈\多Agent协作研究\guandanServer\guandanServer\Debug\CL.read.1.tlog
F:\大状态下协作博弈\多Agent协作研究\guandanServer\guandanServer\Debug\CL.write.1.tlog
F:\大状态下协作博弈\多AGENT协作研究\GUANDANSERVER\GUANDANSERVER\DEBUG\CLIENTSOCKET.OBJ
F:\大状态下协作博弈\多AGENT协作研究\GUANDANSERVER\GUANDANSERVER\DEBUG\DECK.OBJ
F:\大状态下协作博弈\多AGENT协作研究\GUANDANSERVER\GUANDANSERVER\DEBUG\GAMELOGIC.OBJ
F:\大状态下协作博弈\多AGENT协作研究\GUANDANSERVER\GUANDANSERVER\DEBUG\GAMESTATE.OBJ
F:\大状态下协作博弈\多AGENT协作研究\GUANDANSERVER\GUANDANSERVER\DEBUG\GUANDANSERVER.EXE.EMBED.MANIFEST
F:\大状态下协作博弈\多AGENT协作研究\GUANDANSERVER\GUANDANSERVER\DEBUG\GUANDANSERVER.EXE.EMBED.MANIFEST.RES
F:\大状态下协作博弈\多AGENT协作研究\GUANDANSERVER\GUANDANSERVER\DEBUG\GUANDANSERVER.EXE.INTERMEDIATE.MANIFEST
F:\大状态下协作博弈\多AGENT协作研究\GUANDANSERVER\GUANDANSERVER\DEBUG\GUANDANSERVER.OBJ
F:\大状态下协作博弈\多AGENT协作研究\GUANDANSERVER\GUANDANSERVER\DEBUG\GUANDANSERVER.PCH
F:\大状态下协作博弈\多AGENT协作研究\GUANDANSERVER\GUANDANSERVER\DEBUG\GUANDANSERVER.RES
F:\大状态下协作博弈\多Agent协作研究\guandanServer\guandanServer\Debug\guandanServer.vcxprojResolveAssemblyReference.cache
F:\大状态下协作博弈\多Agent协作研究\guandanServer\guandanServer\Debug\guandanServer.write.1.tlog
F:\大状态下协作博弈\多Agent协作研究\guandanServer\guandanServer\Debug\guandanServer_manifest.rc
F:\大状态下协作博弈\多AGENT协作研究\GUANDANSERVER\GUANDANSERVER\DEBUG\GUANDANSERVERDLG.OBJ
F:\大状态下协作博弈\多Agent协作研究\guandanServer\guandanServer\Debug\link.command.1.tlog
F:\大状态下协作博弈\多Agent协作研究\guandanServer\guandanServer\Debug\link.read.1.tlog
F:\大状态下协作博弈\多Agent协作研究\guandanServer\guandanServer\Debug\link.write.1.tlog
F:\大状态下协作博弈\多Agent协作研究\guandanServer\guandanServer\Debug\link-cvtres.read.1.tlog
F:\大状态下协作博弈\多Agent协作研究\guandanServer\guandanServer\Debug\link-cvtres.write.1.tlog
F:\大状态下协作博弈\多Agent协作研究\guandanServer\guandanServer\Debug\mt.command.1.tlog
F:\大状态下协作博弈\多Agent协作研究\guandanServer\guandanServer\Debug\mt.read.1.tlog
F:\大状态下协作博弈\多Agent协作研究\guandanServer\guandanServer\Debug\mt.write.1.tlog
F:\大状态下协作博弈\多Agent协作研究\guandanServer\guandanServer\Debug\rc.command.1.tlog
F:\大状态下协作博弈\多Agent协作研究\guandanServer\guandanServer\Debug\rc.read.1.tlog
F:\大状态下协作博弈\多Agent协作研究\guandanServer\guandanServer\Debug\rc.write.1.tlog
F:\大状态下协作博弈\多AGENT协作研究\GUANDANSERVER\GUANDANSERVER\DEBUG\SERVERSOCKET.OBJ
F:\大状态下协作博弈\多AGENT协作研究\GUANDANSERVER\GUANDANSERVER\DEBUG\STDAFX.OBJ
F:\大状态下协作博弈\多Agent协作研究\guandanServer\guandanServer\Debug\vc100.idb
F:\大状态下协作博弈\多AGENT协作研究\GUANDANSERVER\GUANDANSERVER\DEBUG\VC100.PDB
